2022-01-06 08:46:01,960 INFO tr.bays.common.config.CustomIpAuthenticationProvider [http-nio-8090-exec-3] ----------------userIp:0:0:0:0:0:0:0:1
2022-01-06 08:46:01,964 INFO tr.bays.common.config.CustomIpAuthenticationProvider [http-nio-8090-exec-3] custom ip auth -> authenticate fonksiyonu içerisinde
2022-01-06 08:46:01,964 INFO tr.bays.common.config.CustomIpAuthenticationProvider [http-nio-8090-exec-3] reCap2 = null
2022-01-06 08:46:01,964 INFO tr.bays.common.config.CustomIpAuthenticationProvider [http-nio-8090-exec-3] session reCap = null
2022-01-06 08:46:01,965 INFO tr.bays.common.config.CustomIpAuthenticationProvider [http-nio-8090-exec-3] url = /login
2022-01-06 08:46:01,965 INFO tr.bays.common.config.CustomIpAuthenticationProvider [http-nio-8090-exec-3] captcha remote = null
2022-01-06 08:46:01,968 INFO tr.bays.common.aspect.LoggingAspect [http-nio-8090-exec-3] Enter: tr.bays.service.impl.kullanici.KullaniciServiceImpl.kullaniciAdiIleGetir() with argument[s] = [kemal]
2022-01-06 08:46:01,969 INFO tr.bays.common.aspect.LoggingAspect [http-nio-8090-exec-3] Enter: tr.bays.customdao.kullanici.CustomKullaniciRepository.kullaniciAdiIleGetir() with argument[s] = [kemal]
2022-01-06 08:46:01,977 INFO tr.bays.common.aspect.LoggingAspect [http-nio-8090-exec-3] Exit: tr.bays.customdao.kullanici.CustomKullaniciRepository.kullaniciAdiIleGetir() with result = {ID = [1], Ad = [Kemal], Soyad = [CANDAN], Kullanici Adi = [kemal], Parola = [$2a$10$U6Jy4kf1XlrXLdTnaqaU0OVODoMkP.BHTGsg96Xq8eHiYk5Nk0af6], Parola Degistir = [2], Parola Degistirme Tarihi = [05/01/2022 - 22:05], }
2022-01-06 08:46:01,977 INFO tr.bays.common.aspect.LoggingAspect [http-nio-8090-exec-3] Exit: tr.bays.service.impl.kullanici.KullaniciServiceImpl.kullaniciAdiIleGetir() with result = KullaniciDto(kullanici_adi=kemal, parola=$2a$10$U6Jy4kf1XlrXLdTnaqaU0OVODoMkP.BHTGsg96Xq8eHiYk5Nk0af6, parola_degistir=2, parola_degistirme_tarihi=2022-01-05 22:05:26.230735)
2022-01-06 08:46:02,087 INFO tr.bays.common.config.CustomFilter [http-nio-8090-exec-4] /index.xhtml
2022-01-06 08:46:02,097 INFO tr.bays.common.aspect.LoggingAspect [http-nio-8090-exec-4] Enter: tr.bays.controller.kullanici.KullaniciController.sessionAdSoyadGetir() with argument[s] = []
2022-01-06 08:46:02,098 INFO tr.bays.common.aspect.LoggingAspect [http-nio-8090-exec-4] Enter: tr.bays.service.impl.kullanici.KullaniciServiceImpl.kullaniciAdiIleGetir() with argument[s] = [kemal]
2022-01-06 08:46:02,098 INFO tr.bays.common.aspect.LoggingAspect [http-nio-8090-exec-4] Enter: tr.bays.customdao.kullanici.CustomKullaniciRepository.kullaniciAdiIleGetir() with argument[s] = [kemal]
2022-01-06 08:46:02,104 INFO tr.bays.common.aspect.LoggingAspect [http-nio-8090-exec-4] Exit: tr.bays.customdao.kullanici.CustomKullaniciRepository.kullaniciAdiIleGetir() with result = {ID = [1], Ad = [Kemal], Soyad = [CANDAN], Kullanici Adi = [kemal], Parola = [$2a$10$U6Jy4kf1XlrXLdTnaqaU0OVODoMkP.BHTGsg96Xq8eHiYk5Nk0af6], Parola Degistir = [2], Parola Degistirme Tarihi = [05/01/2022 - 22:05], }
2022-01-06 08:46:02,104 INFO tr.bays.common.aspect.LoggingAspect [http-nio-8090-exec-4] Exit: tr.bays.service.impl.kullanici.KullaniciServiceImpl.kullaniciAdiIleGetir() with result = KullaniciDto(kullanici_adi=kemal, parola=$2a$10$U6Jy4kf1XlrXLdTnaqaU0OVODoMkP.BHTGsg96Xq8eHiYk5Nk0af6, parola_degistir=2, parola_degistirme_tarihi=2022-01-05 22:05:26.230735)
2022-01-06 08:46:02,105 INFO tr.bays.common.aspect.LoggingAspect [http-nio-8090-exec-4] Exit: tr.bays.controller.kullanici.KullaniciController.sessionAdSoyadGetir() with result = Kemal CANDAN
2022-01-06 08:46:03,954 INFO tr.bays.common.config.CustomFilter [http-nio-8090-exec-5] /kullanici
2022-01-06 08:46:03,967 INFO tr.bays.common.aspect.LoggingAspect [http-nio-8090-exec-5] Enter: tr.bays.controller.kullanici.KullaniciController.sessionAdSoyadGetir() with argument[s] = []
2022-01-06 08:46:03,967 INFO tr.bays.common.aspect.LoggingAspect [http-nio-8090-exec-5] Exit: tr.bays.controller.kullanici.KullaniciController.sessionAdSoyadGetir() with result = Kemal CANDAN
2022-01-06 08:46:03,975 INFO tr.bays.common.aspect.LoggingAspect [http-nio-8090-exec-5] Enter: tr.bays.service.impl.kullanici.KullaniciServiceImpl.listele() with argument[s] = [0, 10, KullaniciDto(kullanici_adi=null, parola=null, parola_degistir=0, parola_degistirme_tarihi=null), id: ASC]
2022-01-06 08:46:03,976 INFO tr.bays.common.aspect.LoggingAspect [http-nio-8090-exec-5] Enter: tr.bays.customdao.kullanici.CustomKullaniciRepository.sorgula() with argument[s] = [10, 0, {ID = [null], Ad = [null], Soyad = [null], Kullanici Adi = [null], Parola = [null], Parola Degistir = [0], Parola Degistirme Tarihi = [null], }, id: ASC]
2022-01-06 08:46:03,987 INFO tr.bays.common.aspect.LoggingAspect [http-nio-8090-exec-5] Exit: tr.bays.customdao.kullanici.CustomKullaniciRepository.sorgula() with result = Page 1 of 1 containing tr.bays.entity.kullanici.Kullanici instances
2022-01-06 08:46:03,987 INFO tr.bays.common.aspect.LoggingAspect [http-nio-8090-exec-5] Exit: tr.bays.service.impl.kullanici.KullaniciServiceImpl.listele() with result = tr.bays.common.QueryResult@614b4aa3
